2019-10-03 14:24:10,901 INFO org.springframework.context.support.PostProcessorRegistrationDelegate$BeanPostProcessorChecker [main] Bean 'org.springframework.cloud.autoconfigure.ConfigurationPropertiesRebinderAutoConfiguration' of type [org.springframework.cloud.autoconfigure.ConfigurationPropertiesRebinderAutoConfiguration$$EnhancerBySpringCGLIB$$b0d5aa16] is not eligible for getting processed by all BeanPostProcessors (for example: not eligible for auto-proxying)
2019-10-03 14:24:11,355 INFO org.springframework.cloud.config.client.ConfigServicePropertySourceLocator [main] Fetching config from server at : http://localhost:9101
2019-10-03 14:24:12,219 INFO org.springframework.cloud.config.client.ConfigServicePropertySourceLocator [main] Located environment: name=P12-account, profiles=[default], label=null, version=b72716c5fa141cbb266e9b48ec6a2367b186aad0, state=null
2019-10-03 14:24:12,219 INFO org.springframework.cloud.bootstrap.config.PropertySourceBootstrapConfiguration [main] Located property source: CompositePropertySource {name='configService', propertySources=[MapPropertySource {name='configClient'}, MapPropertySource {name='https://github.com/M0rgan01/MC-config.git/P12-account.properties'}]}
2019-10-03 14:24:12,222 INFO org.springframework.boot.SpringApplication [main] No active profile set, falling back to default profiles: default
2019-10-03 14:24:13,039 INFO org.springframework.data.repository.config.RepositoryConfigurationDelegate [main] Bootstrapping Spring Data repositories in DEFAULT mode.
2019-10-03 14:24:13,117 INFO org.springframework.data.repository.config.RepositoryConfigurationDelegate [main] Finished Spring Data repository scanning in 72ms. Found 3 repository interfaces.
2019-10-03 14:24:13,268 WARN org.springframework.boot.actuate.endpoint.EndpointId [main] Endpoint ID 'service-registry' contains invalid characters, please migrate to a valid format.
2019-10-03 14:24:13,512 INFO org.springframework.cloud.context.scope.GenericScope [main] BeanFactory id=4d57f7f1-bdba-33af-8450-58c6e44caad5
2019-10-03 14:24:13,655 INFO org.springframework.context.support.PostProcessorRegistrationDelegate$BeanPostProcessorChecker [main] Bean 'org.springframework.transaction.annotation.ProxyTransactionManagementConfiguration' of type [org.springframework.transaction.annotation.ProxyTransactionManagementConfiguration$$EnhancerBySpringCGLIB$$94bba719] is not eligible for getting processed by all BeanPostProcessors (for example: not eligible for auto-proxying)
2019-10-03 14:24:13,682 INFO org.springframework.context.support.PostProcessorRegistrationDelegate$BeanPostProcessorChecker [main] Bean 'org.springframework.cloud.autoconfigure.ConfigurationPropertiesRebinderAutoConfiguration' of type [org.springframework.cloud.autoconfigure.ConfigurationPropertiesRebinderAutoConfiguration$$EnhancerBySpringCGLIB$$b0d5aa16] is not eligible for getting processed by all BeanPostProcessors (for example: not eligible for auto-proxying)
2019-10-03 14:24:13,878 INFO org.springframework.boot.web.embedded.tomcat.TomcatWebServer [main] Tomcat initialized with port(s): 9001 (http)
2019-10-03 14:24:13,887 INFO org.apache.juli.logging.DirectJDKLog [main] Initializing ProtocolHandler ["http-nio-9001"]
2019-10-03 14:24:13,892 INFO org.apache.juli.logging.DirectJDKLog [main] Starting service [Tomcat]
2019-10-03 14:24:13,893 INFO org.apache.juli.logging.DirectJDKLog [main] Starting Servlet engine: [Apache Tomcat/9.0.22]
2019-10-03 14:24:14,051 INFO org.apache.juli.logging.DirectJDKLog [main] Initializing Spring embedded WebApplicationContext
2019-10-03 14:24:14,051 INFO org.springframework.boot.web.servlet.context.ServletWebServerApplicationContext [main] Root WebApplicationContext: initialization completed in 1819 ms
2019-10-03 14:24:14,121 WARN com.netflix.config.sources.URLConfigurationSource [main] No URLs will be polled as dynamic configuration sources.
2019-10-03 14:24:14,121 INFO com.netflix.config.sources.URLConfigurationSource [main] To enable URLs as dynamic configuration sources, define System property archaius.configurationSource.additionalUrls or make config.properties available on classpath.
2019-10-03 14:24:14,131 INFO com.netflix.config.DynamicPropertyFactory [main] DynamicPropertyFactory is initialized with configuration sources: com.netflix.config.ConcurrentCompositeConfiguration@7c46c9c3
2019-10-03 14:24:15,047 INFO com.zaxxer.hikari.HikariDataSource [main] HikariPool-1 - Starting...
2019-10-03 14:24:15,170 INFO com.zaxxer.hikari.HikariDataSource [main] HikariPool-1 - Start completed.
2019-10-03 14:24:15,243 INFO org.hibernate.jpa.internal.util.LogHelper [main] HHH000204: Processing PersistenceUnitInfo [
	name: default
	...]
2019-10-03 14:24:15,367 INFO org.hibernate.Version [main] HHH000412: Hibernate Core {5.3.10.Final}
2019-10-03 14:24:15,369 INFO org.hibernate.cfg.Environment [main] HHH000206: hibernate.properties not found
2019-10-03 14:24:15,594 INFO org.hibernate.annotations.common.reflection.java.JavaReflectionManager [main] HCANN000001: Hibernate Commons Annotations {5.0.4.Final}
2019-10-03 14:24:15,780 INFO org.hibernate.dialect.Dialect [main] HHH000400: Using dialect: org.hibernate.dialect.H2Dialect
2019-10-03 14:24:16,561 INFO org.hibernate.tool.schema.internal.SchemaCreatorImpl [main] HHH000476: Executing import script 'org.hibernate.tool.schema.internal.exec.ScriptSourceInputNonExistentImpl@558127d2'
2019-10-03 14:24:16,567 INFO org.springframework.orm.jpa.AbstractEntityManagerFactoryBean [main] Initialized JPA EntityManagerFactory for persistence unit 'default'
2019-10-03 14:24:17,011 INFO org.hibernate.hql.internal.QueryTranslatorFactoryInitiator [main] HHH000397: Using ASTQueryTranslatorFactory
2019-10-03 14:24:17,276 WARN org.springframework.boot.autoconfigure.orm.jpa.JpaBaseConfiguration$JpaWebConfiguration$JpaWebMvcConfiguration [main] spring.jpa.open-in-view is enabled by default. Therefore, database queries may be performed during view rendering. Explicitly configure spring.jpa.open-in-view to disable this warning
2019-10-03 14:24:17,388 INFO org.springframework.boot.actuate.endpoint.web.EndpointLinksResolver [main] Exposing 2 endpoint(s) beneath base path '/actuator'
2019-10-03 14:24:17,462 INFO springfox.documentation.spring.web.PropertySourcedRequestMappingHandlerMapping [main] Mapped URL path [/v2/api-docs] onto method [public org.springframework.http.ResponseEntity<springfox.documentation.spring.web.json.Json> springfox.documentation.swagger2.web.Swagger2Controller.getDocumentation(java.lang.String,javax.servlet.http.HttpServletRequest)]
2019-10-03 14:24:17,481 WARN com.netflix.config.sources.URLConfigurationSource [main] No URLs will be polled as dynamic configuration sources.
2019-10-03 14:24:17,481 INFO com.netflix.config.sources.URLConfigurationSource [main] To enable URLs as dynamic configuration sources, define System property archaius.configurationSource.additionalUrls or make config.properties available on classpath.
2019-10-03 14:24:17,609 INFO org.springframework.scheduling.concurrent.ExecutorConfigurationSupport [main] Initializing ExecutorService 'applicationTaskExecutor'
2019-10-03 14:24:18,365 INFO org.springframework.cloud.netflix.eureka.InstanceInfoFactory [main] Setting initial instance status as: STARTING
2019-10-03 14:24:18,416 INFO com.netflix.discovery.DiscoveryClient [main] Initializing Eureka in region us-east-1
2019-10-03 14:24:18,820 INFO com.netflix.discovery.provider.DiscoveryJerseyProvider [main] Using JSON encoding codec LegacyJacksonJson
2019-10-03 14:24:18,820 INFO com.netflix.discovery.provider.DiscoveryJerseyProvider [main] Using JSON decoding codec LegacyJacksonJson
2019-10-03 14:24:18,903 INFO com.netflix.discovery.provider.DiscoveryJerseyProvider [main] Using XML encoding codec XStreamXml
2019-10-03 14:24:18,904 INFO com.netflix.discovery.provider.DiscoveryJerseyProvider [main] Using XML decoding codec XStreamXml
2019-10-03 14:24:19,056 INFO com.netflix.discovery.shared.resolver.aws.ConfigClusterResolver [main] Resolving eureka endpoints via configuration
2019-10-03 14:24:19,260 INFO com.netflix.discovery.DiscoveryClient [main] Disable delta property : false
2019-10-03 14:24:19,261 INFO com.netflix.discovery.DiscoveryClient [main] Single vip registry refresh property : null
2019-10-03 14:24:19,261 INFO com.netflix.discovery.DiscoveryClient [main] Force full registry fetch : false
2019-10-03 14:24:19,261 INFO com.netflix.discovery.DiscoveryClient [main] Application is null : false
2019-10-03 14:24:19,261 INFO com.netflix.discovery.DiscoveryClient [main] Registered Applications size is zero : true
2019-10-03 14:24:19,261 INFO com.netflix.discovery.DiscoveryClient [main] Application version is -1: true
2019-10-03 14:24:19,262 INFO com.netflix.discovery.DiscoveryClient [main] Getting all instance registry info from the eureka server
2019-10-03 14:24:19,324 INFO com.netflix.discovery.DiscoveryClient [main] The response status is 200
2019-10-03 14:24:19,325 INFO com.netflix.discovery.DiscoveryClient [main] Starting heartbeat executor: renew interval is: 30
2019-10-03 14:24:19,327 INFO com.netflix.discovery.InstanceInfoReplicator [main] InstanceInfoReplicator onDemand update allowed rate per min is 4
2019-10-03 14:24:19,329 INFO com.netflix.discovery.DiscoveryClient [main] Discovery Client initialized at timestamp 1570105459328 with initial instances count: 0
2019-10-03 14:24:19,331 INFO org.springframework.cloud.netflix.eureka.serviceregistry.EurekaServiceRegistry [main] Registering application P12-ACCOUNT with eureka with status UP
2019-10-03 14:24:19,331 INFO com.netflix.discovery.DiscoveryClient$3 [main] Saw local status change event StatusChangeEvent [timestamp=1570105459331, current=UP, previous=STARTING]
2019-10-03 14:24:19,332 INFO springfox.documentation.spring.web.plugins.DocumentationPluginsBootstrapper [main] Context refreshed
2019-10-03 14:24:19,333 INFO com.netflix.discovery.DiscoveryClient [DiscoveryClient-InstanceInfoReplicator-0] DiscoveryClient_P12-ACCOUNT/192.168.1.33:P12-account:9001: registering service...
2019-10-03 14:24:19,348 INFO springfox.documentation.spring.web.plugins.DocumentationPluginsBootstrapper [main] Found 1 custom documentation plugin(s)
2019-10-03 14:24:19,360 INFO com.netflix.discovery.DiscoveryClient [DiscoveryClient-InstanceInfoReplicator-0] DiscoveryClient_P12-ACCOUNT/192.168.1.33:P12-account:9001 - registration status: 204
2019-10-03 14:24:19,377 INFO springfox.documentation.spring.web.scanners.ApiListingReferenceScanner [main] Scanning for api listing references
2019-10-03 14:24:19,477 INFO springfox.documentation.spring.web.readers.operation.CachingOperationNameGenerator [main] Generating unique operation named: updateUserUsingPUT_1
2019-10-03 14:24:19,481 INFO springfox.documentation.spring.web.readers.operation.CachingOperationNameGenerator [main] Generating unique operation named: updateUserUsingPUT_2
2019-10-03 14:24:19,500 INFO org.apache.juli.logging.DirectJDKLog [main] Starting ProtocolHandler ["http-nio-9001"]
2019-10-03 14:24:19,516 INFO org.springframework.boot.web.embedded.tomcat.TomcatWebServer [main] Tomcat started on port(s): 9001 (http) with context path ''
2019-10-03 14:24:19,517 INFO org.springframework.cloud.netflix.eureka.serviceregistry.EurekaAutoServiceRegistration [main] Updating port to 9001
2019-10-03 14:24:19,518 INFO org.springframework.boot.StartupInfoLogger [main] Started P12AccountApplication in 9.773 seconds (JVM running for 10.556)
2019-10-03 14:24:19,524 INFO org.paniergarni.account.P12AccountApplication [main] info
2019-10-03 14:24:19,524 ERROR org.paniergarni.account.P12AccountApplication [main] error
2019-10-03 14:24:20,444 INFO org.apache.juli.logging.DirectJDKLog [RMI TCP Connection(7)-192.168.99.1] Initializing Spring DispatcherServlet 'dispatcherServlet'
2019-10-03 14:24:20,444 INFO org.springframework.web.servlet.FrameworkServlet [RMI TCP Connection(7)-192.168.99.1] Initializing Servlet 'dispatcherServlet'
2019-10-03 14:24:20,453 INFO org.springframework.web.servlet.FrameworkServlet [RMI TCP Connection(7)-192.168.99.1] Completed initialization in 8 ms
2019-10-03 14:24:20,455 INFO org.springframework.cloud.config.client.ConfigServicePropertySourceLocator [RMI TCP Connection(8)-192.168.99.1] Fetching config from server at : http://localhost:9101
2019-10-03 14:24:21,482 INFO org.springframework.cloud.config.client.ConfigServicePropertySourceLocator [RMI TCP Connection(8)-192.168.99.1] Located environment: name=P12-account, profiles=[default], label=null, version=b72716c5fa141cbb266e9b48ec6a2367b186aad0, state=null
2019-10-03 14:24:49,328 INFO com.netflix.discovery.DiscoveryClient [DiscoveryClient-CacheRefreshExecutor-0] Disable delta property : false
2019-10-03 14:24:49,329 INFO com.netflix.discovery.DiscoveryClient [DiscoveryClient-CacheRefreshExecutor-0] Single vip registry refresh property : null
2019-10-03 14:24:49,329 INFO com.netflix.discovery.DiscoveryClient [DiscoveryClient-CacheRefreshExecutor-0] Force full registry fetch : false
2019-10-03 14:24:49,331 INFO com.netflix.discovery.DiscoveryClient [DiscoveryClient-CacheRefreshExecutor-0] Application is null : false
2019-10-03 14:24:49,331 INFO com.netflix.discovery.DiscoveryClient [DiscoveryClient-CacheRefreshExecutor-0] Registered Applications size is zero : true
2019-10-03 14:24:49,331 INFO com.netflix.discovery.DiscoveryClient [DiscoveryClient-CacheRefreshExecutor-0] Application version is -1: false
2019-10-03 14:24:49,332 INFO com.netflix.discovery.DiscoveryClient [DiscoveryClient-CacheRefreshExecutor-0] Getting all instance registry info from the eureka server
2019-10-03 14:24:49,362 INFO com.netflix.discovery.DiscoveryClient [DiscoveryClient-CacheRefreshExecutor-0] The response status is 200
2019-10-03 14:29:19,265 INFO com.netflix.discovery.shared.resolver.aws.ConfigClusterResolver [AsyncResolver-bootstrap-executor-0] Resolving eureka endpoints via configuration
2019-10-03 14:34:19,266 INFO com.netflix.discovery.shared.resolver.aws.ConfigClusterResolver [AsyncResolver-bootstrap-executor-0] Resolving eureka endpoints via configuration
2019-10-03 14:39:19,268 INFO com.netflix.discovery.shared.resolver.aws.ConfigClusterResolver [AsyncResolver-bootstrap-executor-0] Resolving eureka endpoints via configuration
